<?xml version="1.0" encoding="UTF-8"?>
<!-- Generated by org.testng.reporters.JUnitReportReporter -->
<testsuite skipped="0" hostname="DESKTOP-LTL258K" name="com.zohocrm.testcases.VerifyZohoDeskPageTC" tests="1" failures="0" timestamp="04 Aug 2019 05:04:26 GMT" time="0.045" errors="0">
  <testcase name="VerifyZohoDeskPageTC" time="0.045" classname="com.zohocrm.testcases.VerifyZohoDeskPageTC"/>
</testsuite> <!-- com.zohocrm.testcases.VerifyZohoDeskPageTC -->
