<?xml version="1.0" encoding="UTF-8"?>
<!-- Generated by org.testng.reporters.JUnitReportReporter -->
<testsuite skipped="0" hostname="DESKTOP-LTL258K" name="com.zohocrm.testcases.ZohoCrmLoginTC" tests="1" failures="0" timestamp="04 Aug 2019 05:04:25 GMT" time="0.053" errors="0">
  <testcase name="ZohoCRMLoginWithValidCredentials" time="0.053" classname="com.zohocrm.testcases.ZohoCrmLoginTC"/>
</testsuite> <!-- com.zohocrm.testcases.ZohoCrmLoginTC -->
