<?xml version="1.0" encoding="UTF-8"?>
<!-- Generated by org.testng.reporters.JUnitReportReporter -->
<testsuite skipped="0" hostname="DESKTOP-LTL258K" name="com.zohocrm.testcases.CreateAccountTC" tests="1" failures="0" timestamp="10 Aug 2019 06:15:15 GMT" time="12.782" errors="0">
  <testcase name="CreateAccountTestCase" time="12.782" classname="com.zohocrm.testcases.CreateAccountTC"/>
</testsuite> <!-- com.zohocrm.testcases.CreateAccountTC -->
